   0.00000000       0.00000000    
   3602.67310       56.2918053    
   7205.35840       56.2918053    
   10808.0459       56.2916336    
   14410.7334       56.2917824    
   18013.3926       56.2915688    
   21616.0176       56.2917519    
   25218.6426       56.2917061    
   28821.2676       56.2917023    
   32423.8926       56.2917519    
   36026.6289       56.2917290    
   39629.3789       56.2917328    
   43232.1289       56.2917595    
   46834.8789       56.2917900    
   50437.6289       56.2917557    
   54040.3789       56.2917595    
   57643.1289       56.2917404    
   61245.8789       56.2917671    
   64848.6289       56.2917480    
   68451.1797       56.2917633    
   72053.6797       56.2916794    
   75656.1797       56.2917137    
   79202.3906       56.2917786    
   82804.8906       56.2917747    
