   0.00000000       0.00000000    
   8.01024342       8.75586048E-02
   16.0270042       8.73007998E-02
   24.0154724       8.68854225E-02
   32.0780907       8.70237052E-02
   40.0703888       8.69787782E-02
   48.0169449       8.73202756E-02
   56.0475235       8.72807428E-02
   64.0772552       8.72074068E-02
   72.0236435       8.73104483E-02
   80.0565720       8.72518495E-02
   88.0009842       8.73144865E-02
   96.0318604       8.72804597E-02
   104.062424       8.72322544E-02
   112.007507       8.73201638E-02
   120.039307       8.72831345E-02
   128.070251       8.72036740E-02
   136.011444       8.72838348E-02
   144.034363       8.71783942E-02
   152.059036       8.72732624E-02
   160.081223       8.70618373E-02
   168.019928       8.71037021E-02
   176.031326       8.72191265E-02
   184.051834       8.70438442E-02
   192.063522       8.71776491E-02
   200.083832       8.71117786E-02
   208.022476       8.72684270E-02
   216.047485       8.72057304E-02
   224.073502       8.71204659E-02
   232.013092       8.72520059E-02
   240.039749       8.72090310E-02
   248.068390       8.70921537E-02
   256.009094       8.72271359E-02
   264.038483       8.71721283E-02
   272.068420       8.70832279E-02
   280.011322       8.71623680E-02
   288.039307       8.71143863E-02
   296.064972       8.70000571E-02
   304.004425       8.71789232E-02
   312.038330       8.66820365E-02
   320.054230       8.66162106E-02
   328.072144       8.64697769E-02
   336.069977       8.63802582E-02
   344.063629       8.66179168E-02
   352.069031       8.67738724E-02
   360.083130       8.67044628E-02
   368.008484       8.69931430E-02
   376.024170       8.70967284E-02
   384.045654       8.70871618E-02
   392.067444       8.70381668E-02
   400.002625       8.72311890E-02
   408.027344       8.71730968E-02
   416.051056       8.71165544E-02
   424.075470       8.70688483E-02
   432.014038       8.72100443E-02
   440.038879       8.71587917E-02
   448.063293       8.70880857E-02
   456.001373       8.72177556E-02
   464.026215       8.71801302E-02
   472.051941       8.71374682E-02
   480.078735       8.70657489E-02
   488.018463       8.71861130E-02
   496.044128       8.71114507E-02
   504.069092       8.70193243E-02
   512.006775       8.71705338E-02
   520.032043       8.71501639E-02
   528.058044       8.70711952E-02
   536.084717       8.69980901E-02
   544.028015       8.71504769E-02
   552.059570       8.68611336E-02
   560.086304       8.67395774E-02
   568.019958       8.68371800E-02
   576.036438       8.67644250E-02
   584.049072       8.67907107E-02
   592.064148       8.68340731E-02
