   0.00000000       0.00000000    
   2.04666948       9.63964611E-02
   4.07342529       9.66555253E-02
   6.00124979       9.58966911E-02
   8.08965111       9.40198302E-02
   10.0475254       9.26901549E-02
   12.0821619       9.25109386E-02
   14.0077047       9.10542756E-02
   16.0020218       9.03387964E-02
   18.0685616       8.96184668E-02
   20.0429211       8.97286087E-02
   22.0172081       8.97529423E-02
   24.0823917       8.98541361E-02
   26.0622063       9.00606439E-02
   28.0385208       8.95080715E-02
   30.0061493       8.94127861E-02
   32.0651932       8.96445140E-02
   34.0448952       9.04708803E-02
   36.0374641       9.03328881E-02
   38.0156555       8.95485803E-02
   40.0726280       8.94598067E-02
   42.0419388       8.94537568E-02
   44.0115662       8.97154436E-02
   46.0844078       9.03559625E-02
   48.0673637       8.99212509E-02
   50.0391617       8.94326791E-02
   52.0106773       8.99512991E-02
   54.0876312       9.05707553E-02
   56.0766029       9.02181417E-02
   58.0555000       8.96864533E-02
   60.0223427       8.92540142E-02
   62.0821609       8.98303613E-02
   64.0600204       9.00775343E-02
   66.0466995       9.03854519E-02
   68.0322800       8.99862722E-02
   70.0060883       8.95605460E-02
   72.0705338       9.00933221E-02
   74.0576477       9.05120373E-02
   76.0455933       9.02719870E-02
   78.0267105       8.98425803E-02
   80.0865402       8.93839449E-02
   82.0586395       9.00088400E-02
   84.0405731       9.02684033E-02
   86.0292511       9.04347375E-02
   88.0167389       9.00660753E-02
   90.0820541       8.96198004E-02
   92.0589447       9.01865661E-02
   94.0454788       9.05094370E-02
   96.0346909       9.03754979E-02
   98.0192947       8.99442360E-02
   100.081635       8.94806534E-02
   102.055656       9.01017562E-02
   104.040230       9.03823897E-02
   106.030731       9.04891640E-02
   108.017975       8.99821147E-02
   110.081856       8.95859227E-02
   112.058647       9.01033282E-02
   114.043182       9.04250443E-02
   116.032730       9.04125422E-02
   118.018394       8.99531543E-02
   120.081970       8.96039084E-02
   122.061859       9.04089361E-02
   124.056129       9.09068286E-02
   126.056335       9.08513889E-02
   128.050980       9.04372185E-02
   130.035904       9.01015326E-02
   132.025589       9.07042772E-02
   134.022415       9.08545107E-02
   136.022507       9.09046009E-02
   138.021713       9.06552821E-02
   140.007004       9.00311619E-02
   142.078781       9.03807804E-02
   144.069031       9.06005800E-02
   146.063858       9.06066597E-02
   148.056137       9.04366374E-02
   150.040131       9.00105089E-02
   152.023026       9.04953554E-02
   154.017868       9.08558145E-02
   156.017761       9.09201726E-02
   158.016769       9.06635076E-02
   160.005890       9.03809965E-02
   162.000290       9.09379125E-02
   164.003952       9.11954194E-02
   166.007706       9.09569860E-02
   168.001328       9.02538449E-02
   170.070587       8.98027197E-02
   172.051956       9.03397799E-02
   174.040009       9.05485600E-02
   176.030594       9.04837996E-02
   178.017288       8.99523199E-02
   180.081726       8.96216482E-02
   182.059448       9.02557671E-02
   184.050583       9.07499045E-02
   186.047501       9.07772779E-02
   188.037384       9.00917277E-02
   190.015076       8.97899792E-02
   192.085312       9.03473943E-02
   194.073624       9.05291140E-02
   196.068130       9.06720161E-02
   198.059723       9.02266577E-02
