   0.00000000       0.00000000    
   2.09956384      0.109277345    
   4.04784632      0.107186995    
   6.08640194      0.108382404    
   8.02643108      0.105921581    
   10.0094509      0.103548281    
   12.0737667      0.102972969    
   14.0244722      0.102355242    
   16.0647125      0.101725511    
   18.0927410      0.101161465    
   20.0108242      0.100800134    
   22.0235634      0.100532800    
   24.0327950      0.100407846    
   26.0409794      0.100401424    
   28.0475464      0.100133874    
   30.0466919       9.97966304E-02
   32.0406227       9.96121988E-02
   34.0324974       9.95919555E-02
   36.0166092       9.88745093E-02
   38.0870018       9.83520523E-02
   40.0501137       9.79822800E-02
   42.0074615       9.77631882E-02
   44.0601845       9.77771804E-02
   46.0170631       9.79788303E-02
   48.0713539       9.75980982E-02
   50.0198593       9.72674713E-02
   52.0597916       9.70436931E-02
   54.0968170       9.69860479E-02
   56.0378990       9.71280709E-02
   58.0767708       9.68921110E-02
   60.0108757       9.65512469E-02
   62.0353203       9.62906480E-02
   64.0569916       9.62724835E-02
   66.0800247       9.64186341E-02
   68.0078506       9.62117761E-02
   70.0245743       9.58826393E-02
   72.0343704       9.55831110E-02
   74.0415115       9.55995172E-02
   76.0499725       9.57256705E-02
   78.0600357       9.55624059E-02
   80.0623627       9.51570347E-02
   82.0578537       9.49279964E-02
   84.0509186       9.49253887E-02
   86.0453186       9.50533450E-02
   88.0425797       9.49855000E-02
   90.0323944       9.45557281E-02
   92.0152893       9.43249539E-02
   94.0897980       9.42736566E-02
   96.0711212       9.44390967E-02
   98.0563736       9.44333598E-02
   100.034492       9.39857066E-02
   102.005226       9.37504694E-02
   104.066765       9.36810076E-02
   106.035919       9.38755646E-02
   108.010139       9.39410478E-02
   110.071121       9.34769511E-02
   112.031387       9.33027118E-02
   114.083282       9.32918340E-02
   116.045525       9.36141983E-02
   118.013634       9.36223119E-02
   120.068611       9.32493135E-02
   122.025253       9.31528956E-02
   124.075401       9.32675302E-02
   126.039223       9.37735736E-02
   128.007126       9.35427696E-02
   130.062256       9.33198556E-02
   132.022079       9.32917595E-02
   134.071808       9.30446535E-02
   136.027069       9.32794735E-02
   138.085938       9.38664675E-02
   140.049469       9.32858214E-02
   142.005692       9.30975676E-02
   144.053177       9.30975825E-02
   146.012253       9.35421437E-02
   148.077255       9.40626189E-02
   150.054947       9.41173360E-02
   152.031021       9.40516889E-02
   154.003937       9.38468948E-02
   156.072662       9.42799449E-02
   158.054840       9.42051634E-02
   160.026657       9.36773643E-02
   162.085602       9.35286283E-02
   164.048248       9.35504064E-02
   166.016174       9.39812288E-02
   168.087509       9.39660296E-02
   170.055893       9.35185850E-02
   172.018082       9.33793038E-02
   174.073700       9.35378596E-02
   176.043030       9.41016227E-02
   178.011230       9.33597311E-02
   180.058945       9.28411111E-02
   182.006943       9.26584229E-02
   184.047714       9.28559750E-02
   186.003922       9.34296101E-02
   188.050201       9.26382542E-02
   190.082413       9.22035798E-02
   192.015167       9.19886976E-02
   194.041183       9.22760740E-02
   196.076965       9.28830802E-02
   198.018799       9.21271592E-02
