   0.00000000       0.00000000    
   20.0300732       8.92142728E-02
   40.0918770       9.26173106E-02
   60.0042343       9.43867713E-02
   80.0343246       9.47172791E-02
   100.066658       9.52124149E-02
   120.053009       9.52375755E-02
   140.077850       9.63625759E-02
   160.064606       9.72361788E-02
   180.091751       9.66100246E-02
   200.070923       9.62372199E-02
   220.070206       9.72782150E-02
   240.075058       9.75924507E-02
   260.036560       9.73951444E-02
   280.069244       9.70890746E-02
   300.083527       9.77788419E-02
   320.016205       9.83262807E-02
   340.067902       9.76106748E-02
   360.073364       9.78709385E-02
   380.072876       9.81105641E-02
   400.083801       9.85059291E-02
   420.004852       9.80426446E-02
   440.060211       9.80398208E-02
   460.004517       9.81973112E-02
   480.057770       9.82099622E-02
