   0.00000000       0.00000000    
   1.01429641       5.32125719E-02
   2.02533436       5.32125719E-02
   3.03637457       5.32125719E-02
   4.04741478       5.32125719E-02
   5.00524235       5.32125719E-02
   6.01628256       5.32125719E-02
   7.02732277       5.32125719E-02
   8.03836250       5.32125719E-02
   9.04939365       5.32125719E-02
   10.0072126       5.32125719E-02
   11.0064659       5.19197583E-02
   12.0410213       5.18343076E-02
   13.0304279       5.20285852E-02
   14.0159121       5.18468022E-02
   15.0492134       5.11374064E-02
   16.0176067       5.11008613E-02
   17.0481262       5.15929274E-02
   18.0273094       5.14858216E-02
   19.0051403       5.14646508E-02
   20.0356579       5.16149960E-02
   21.0179329       5.16754910E-02
   22.0501881       5.15761264E-02
   23.0241432       5.10409810E-02
   24.0469208       5.12742922E-02
   25.0251369       5.15471734E-02
   26.0040321       5.14937676E-02
   27.0334435       5.14454171E-02
   28.0106678       5.14224470E-02
   29.0389194       5.14067113E-02
   30.0157509       5.14182709E-02
   31.0377693       5.08403555E-02
   32.0062180       5.12710996E-02
   33.0342064       5.14160208E-02
   34.0103722       5.13474382E-02
   35.0367317       5.12937717E-02
   36.0108032       5.12518361E-02
   37.0352211       5.11944667E-02
   38.0077400       5.11724949E-02
   39.0293274       5.08837663E-02
   40.0489082       5.11284135E-02
   41.0202179       5.11202887E-02
   42.0422592       5.10714091E-02
   43.0121002       5.10177203E-02
   44.0316467       5.09501882E-02
   45.0497894       5.08684181E-02
   46.0156784       5.08098602E-02
   47.0309639       5.07333428E-02
   48.0448418       5.06537147E-02
   49.0068092       5.06051704E-02
   50.0182495       5.05387746E-02
   51.0286636       5.05037084E-02
   52.0381088       5.04413955E-02
   53.0389862       4.93315384E-02
   54.0097961       4.80847135E-02
   55.0260048       4.89605665E-02
   56.0440369       4.76586893E-02
   57.0375481       4.73625809E-02
   58.0459404       4.85903919E-02
   59.0199852       4.84852195E-02
   60.0284042       4.77528200E-02
   61.0346603       4.82095778E-02
   62.0040245       4.84895632E-02
   63.0165329       4.80660088E-02
   64.0286865       4.84014563E-02
   65.0419159       4.83969785E-02
   66.0076141       4.81918082E-02
   67.0214233       4.84379791E-02
   68.0379105       4.82067615E-02
   69.0472488       4.80517969E-02
   70.0100021       4.81404103E-02
   71.0174408       4.78668734E-02
   72.0237885       4.79624346E-02
   73.0289764       4.77858894E-02
   74.0328140       4.78240065E-02
   75.0360489       4.77328226E-02
   76.0385971       4.77405712E-02
   77.0406494       4.77045402E-02
   78.0426483       4.77159880E-02
   79.0444641       4.77057099E-02
   80.0464706       4.77175899E-02
   81.0009995       4.77364771E-02
   82.0036774       4.77554724E-02
   83.0068970       4.77862544E-02
   84.0107651       4.78208065E-02
   85.0153885       4.78545874E-02
   86.0208435       4.79022302E-02
   87.0273819       4.79565635E-02
   88.0350876       4.80147526E-02
   89.0439072       4.80089150E-02
   90.0052185       4.81334999E-02
   91.0167923       4.82064933E-02
   92.0298538       4.82721478E-02
   93.0444183       4.83497679E-02
   94.0121307       4.84236293E-02
   95.0262146       4.82541770E-02
   96.0412521       4.84062918E-02
   97.0085831       4.83042486E-02
   98.0200653       4.80592363E-02
   99.0287628       4.80394289E-02
   100.038620       4.81284522E-02
   101.001007       4.80757803E-02
   102.008850       4.79230992E-02
   103.014694       4.79301289E-02
   104.023674       4.82061468E-02
   105.035294       4.81484681E-02
   106.045654       4.80796024E-02
   107.006821       4.80345041E-02
   108.014885       4.79779318E-02
   109.021706       4.79113236E-02
   110.027344       4.78684306E-02
   111.032059       4.78296466E-02
   112.036888       4.78820987E-02
   113.044243       4.80728857E-02
   114.009331       4.84346785E-02
   115.032562       4.90072370E-02
   116.014610       4.91090566E-02
   117.045700       4.90904339E-02
   118.027390       4.90790531E-02
   119.009018       4.90861647E-02
   120.040451       4.91580255E-02
   121.023949       4.91679013E-02
   122.007057       4.91457507E-02
   123.039078       4.91490364E-02
   124.022385       4.91678193E-02
   125.005814       4.91734073E-02
   126.038528       4.91799675E-02
   127.022041       4.91702668E-02
   128.005722       4.91919219E-02
   129.038803       4.91909198E-02
   130.022308       4.91637103E-02
   131.005447       4.91485409E-02
   132.037323       4.91236635E-02
   133.019623       4.91074435E-02
   134.001587       4.90921140E-02
   135.032593       4.91070710E-02
   136.015381       4.91768979E-02
   137.000092       4.92455624E-02
   138.033737       4.92011197E-02
   139.017654       4.91983108E-02
   140.002090       4.92530316E-02
   141.037781       4.93474603E-02
   142.024261       4.93065342E-02
   143.010086       4.92888540E-02
   144.045624       4.93436977E-02
   145.033859       4.94870842E-02
   146.024185       4.95048985E-02
   147.014175       4.95032743E-02
   148.004700       4.95579652E-02
   149.046997       4.97144051E-02
   150.043640       4.99517918E-02
   151.045883       5.02620116E-02
   152.004089       5.05854450E-02
   153.019592       5.09408228E-02
   154.041702       5.11979051E-02
   155.016479       5.14373034E-02
   156.044296       5.13976999E-02
   157.018982       5.12360148E-02
   158.041977       5.11658937E-02
   159.009140       5.06127737E-02
   160.023148       5.09558208E-02
   161.046066       5.11048920E-02
   162.018494       5.12877218E-02
   163.045166       5.13823628E-02
   164.020828       5.13559654E-02
   165.046478       5.12353852E-02
   166.018478       5.11768870E-02
   167.036453       5.05982116E-02
   168.050674       5.09843566E-02
   169.022842       5.11276126E-02
   170.046860       5.12951128E-02
   171.022797       5.14431223E-02
   172.049301       5.13236672E-02
   173.024826       5.12463301E-02
   174.048141       5.11842892E-02
   175.014374       5.05398922E-02
   176.027191       5.09015247E-02
   177.049942       5.11468314E-02
   178.022812       5.12480214E-02
   179.049240       5.14579415E-02
   180.025452       5.13398796E-02
   181.000900       5.12039065E-02
   182.023239       5.11308648E-02
   183.041183       5.06351590E-02
   184.006348       5.11374064E-02
   185.030182       5.10921516E-02
   186.002502       5.13305403E-02
   187.030685       5.15429378E-02
   188.009216       5.14651425E-02
   189.038116       5.13084903E-02
   190.011673       5.12643866E-02
   191.040466       5.15194163E-02
   192.020767       5.15756011E-02
   193.048264       5.12571782E-02
   194.024002       5.15205599E-02
   195.008423       5.19198179E-02
   196.043335       5.16675524E-02
   197.027054       5.19346111E-02
   198.018509       5.23179173E-02
   199.014786       5.24660870E-02
