   0.00000000       0.00000000    
   2.06844473       9.93561000E-02
   4.00168419       9.51216444E-02
   6.09182024       9.54847336E-02
   8.00168896       9.50816497E-02
   10.0790653       9.38283652E-02
   12.0366793       9.26027447E-02
   14.0560303       9.10662264E-02
   16.0406704       8.97084847E-02
   18.0095520       8.92638862E-02
   20.0572433       8.88588503E-02
   22.0097580       8.86759758E-02
   24.0488396       8.86773989E-02
   26.0005417       8.87839794E-02
   28.0375576       8.82104188E-02
   30.0590267       8.77571478E-02
   32.0781174       8.78487825E-02
   34.0101700       8.78669620E-02
   36.0335464       8.77683610E-02
   38.0422516       8.69986713E-02
   40.0398178       8.66896808E-02
   42.0281944       8.62389877E-02
   44.0112152       8.63196030E-02
   46.0864220       8.65443945E-02
   48.0750923       8.61972049E-02
   50.0507355       8.57113451E-02
   52.0228043       8.56540650E-02
   54.0762138       8.55747461E-02
   56.0488853       8.58731046E-02
   58.0141525       8.51245075E-02
   60.0503654       8.47131237E-02
   62.0826607       8.45356509E-02
   64.0239944       8.43756422E-02
   66.0527802       8.46930966E-02
   68.0843430       8.44674855E-02
   70.0191116       8.38878900E-02
   72.0326157       8.39262977E-02
   74.0443497       8.37581009E-02
   76.0568008       8.40604976E-02
   78.0692291       8.35568905E-02
   80.0675812       8.30800608E-02
   82.0601120       8.30536187E-02
   84.0511322       8.28446075E-02
   86.0412216       8.30790251E-02
   88.0374374       8.30919594E-02
   90.0246506       8.25106874E-02
   92.0027542       8.24417099E-02
   94.0647278       8.23882744E-02
   96.0426559       8.25294480E-02
   98.0247040       8.24333876E-02
   100.077072       8.18061009E-02
   102.038185       8.17738771E-02
   104.001724       8.17662776E-02
   106.046059       8.18741918E-02
   108.015495       8.20324123E-02
   110.060524       8.15327838E-02
   112.015587       8.15043300E-02
   114.058708       8.18039626E-02
   116.026237       8.22560638E-02
   118.066147       8.25472996E-02
   120.046608       8.24575648E-02
   122.025391       8.24910849E-02
   124.012108       8.29701945E-02
   126.003624       8.29803199E-02
   128.083038       8.33695456E-02
   130.003830       8.34234208E-02
   132.000458       8.30254480E-02
   134.078918       8.33448619E-02
   136.080017       8.33359882E-02
   138.083572       8.36771578E-02
   140.015259       8.41604248E-02
   142.029099       8.37957710E-02
   144.045700       8.43160227E-02
   146.079544       8.49850848E-02
   148.039291       8.54743272E-02
   150.015182       8.64093453E-02
   152.004501       8.65173563E-02
   154.086121       8.69736746E-02
   156.005844       8.73798206E-02
   158.017883       8.76597241E-02
   160.031082       8.72358978E-02
   162.036545       8.72413293E-02
   164.049026       8.77062008E-02
   166.068100       8.78777429E-02
   168.008011       8.83870274E-02
   170.033844       8.78904089E-02
   172.055954       8.80710110E-02
   174.002106       8.86850283E-02
   176.046494       8.91087800E-02
   178.015213       8.96209031E-02
   180.069855       8.90911147E-02
   182.028290       8.91474336E-02
   184.085831       8.97131935E-02
   186.062515       8.99974778E-02
   188.050797       9.07401070E-02
   190.042770       9.02402550E-02
   192.026794       9.02789161E-02
   194.022964       9.11611468E-02
   196.032028       9.15449485E-02
   198.048218       9.16259587E-02
