   0.00000000       0.00000000    
   1.01565778      0.112817593    
   2.03020096      0.112558685    
   3.03839946      0.111469068    
   4.03372192      0.109878242    
   5.01628923      0.108758248    
   6.10444641      0.108974524    
   7.06926823      0.105533637    
   8.00415230      0.102859735    
   9.02868271      0.102437064    
   10.0558271      0.102961004    
   11.0867538      0.103144623    
   12.0150585      0.103105515    
   13.0457268      0.103015743    
   14.0756054      0.102954417    
   15.0020561      0.102912307    
   16.0310688      0.102754354    
   17.0547848      0.102368526    
   18.0813503      0.102918856    
   19.0082302      0.103001691    
   20.0387249      0.103071190    
   21.0698090      0.103098080    
   22.1007481      0.103075676    
   23.0286179      0.103116155    
   24.0529633      0.101488478    
   25.0641136      0.101094589    
   26.0775967      0.101569153    
   27.0944614      0.101730704    
   28.0100498      0.101697847    
   29.0265999      0.101600334    
   30.0422974      0.101525411    
   31.0557804      0.100580156    
   32.0457726       9.80438069E-02
   33.0224953       9.76146683E-02
   34.0000153       9.78518128E-02
   35.0769424       9.78675857E-02
   36.0547600       9.76798385E-02
   37.0305252       9.74758789E-02
   38.0044403       9.73204449E-02
   39.0743256       9.72128659E-02
   40.0460815       9.71360728E-02
   41.0172157       9.70771983E-02
   42.0848236       9.70256776E-02
   43.0545845       9.69203115E-02
   44.0232162       9.67984721E-02
   45.0869751       9.66058448E-02
   46.0520973       9.64170247E-02
   47.0153046       9.62369964E-02
   48.0727158       9.60346013E-02
   49.0324287       9.59032997E-02
   50.0869942       9.58615839E-02
   51.0453644       9.58627313E-02
   52.0041733       9.59258303E-02
   53.0600395       9.60350484E-02
   54.0206795       9.60745364E-02
   55.0761909       9.58180279E-02
   56.0323524       9.54198092E-02
   57.0790253       9.49431658E-02
   58.0274010       9.47795287E-02
   59.0705528       9.48862284E-02
   60.0188103       9.47013646E-02
   61.0574226       9.41850469E-02
   62.0919151       9.40087140E-02
   63.0323372       9.40283611E-02
   64.0644989       9.36134756E-02
   65.0914764       9.32899565E-02
   66.0262756       9.37178209E-02
   67.0620575       9.45706666E-02
   68.0073776       9.44933891E-02
   69.0465851       9.44591984E-02
   70.0852127       9.43817422E-02
   71.0283203       9.42373350E-02
   72.0603027       9.31574628E-02
   73.0820007       9.28686783E-02
   74.0121613       9.31006894E-02
   75.0362778       9.30201560E-02
   76.0573959       9.26234797E-02
   77.0733490       9.21442732E-02
   78.0842514       9.17190164E-02
   79.0003662       9.15363133E-02
   80.0071487       9.14393365E-02
   81.0075226       9.07211304E-02
   82.0042648       9.05206054E-02
   83.0887146       9.02371854E-02
   84.0803375       9.00906771E-02
   85.0707016       8.99821594E-02
   86.0590286       8.96859840E-02
   87.0430450       8.92815590E-02
   88.0232162       8.89995098E-02
   89.0874557       8.86358842E-02
   90.0628357       8.86561200E-02
   91.0360107       8.82624760E-02
   92.0039673       8.78017396E-02
   93.0557404       8.75602365E-02
   94.0179214       8.73611420E-02
   95.0633316       8.68533403E-02
   96.0160294       8.64481851E-02
   97.0520554       8.63183960E-02
   98.0014191       8.62958059E-02
   99.0363388       8.61771256E-02
   100.066414       8.55397210E-02
   101.004517       8.51095468E-02
   102.024475       8.49250630E-02
   103.042633       8.47655088E-02
   104.058220       8.45357776E-02
   105.072235       8.45078304E-02
   106.001877       8.44465494E-02
   107.013718       8.41512978E-02
   108.022308       8.40277150E-02
   109.028419       8.37216452E-02
   110.031845       8.35832581E-02
   111.033722       8.33756179E-02
   112.031235       8.29113945E-02
   113.024620       8.27606395E-02
   114.018211       8.28384236E-02
   115.010803       8.25578198E-02
   116.082169       8.23632330E-02
   117.069023       8.20696503E-02
   118.051605       8.18101838E-02
   119.032616       8.16555247E-02
   120.011154       8.13576132E-02
   121.065895       8.10060501E-02
   122.038094       8.10246244E-02
   123.009689       8.08460116E-02
   124.058571       8.05980191E-02
   125.025742       8.06511715E-02
   126.070717       8.02036300E-02
   127.032516       8.01138580E-02
   128.072693       7.98701942E-02
   129.028458       7.95111582E-02
   130.061081       7.94162154E-02
   131.013885       7.93335959E-02
   132.043304       7.90693462E-02
   133.070953       7.90965408E-02
   134.020737       7.91377649E-02
   135.048096       7.89587051E-02
   136.073273       7.86903724E-02
   137.016876       7.86276609E-02
   138.037201       7.84191862E-02
   139.056976       7.84545168E-02
   140.075424       7.82098994E-02
   141.013138       7.81321451E-02
   142.028931       7.80708119E-02
   143.042679       7.78505579E-02
   144.052292       7.75807947E-02
   145.059937       7.73979723E-02
   146.065063       7.72828013E-02
   147.069321       7.72568062E-02
   148.072983       7.71145001E-02
   149.073883       7.69493282E-02
   150.075012       7.70540684E-02
   151.074707       7.67245442E-02
   152.070190       7.65052810E-02
   153.064255       7.64118880E-02
   154.055420       7.60855377E-02
   155.043625       7.60003030E-02
   156.031662       7.59504884E-02
   157.017532       7.57642463E-02
   158.003067       7.58621916E-02
   159.064438       7.57422894E-02
   160.049088       7.57110864E-02
   161.032471       7.56153688E-02
   162.014496       7.54281282E-02
   163.068527       7.52314553E-02
   164.046677       7.52296597E-02
   165.023468       7.50637576E-02
   166.074615       7.51301125E-02
   167.050797       7.50077739E-02
   168.025909       7.50121549E-02
   169.074371       7.48276263E-02
   170.046844       7.47630149E-02
   171.016830       7.45142102E-02
   172.060028       7.45205879E-02
   173.027740       7.43435100E-02
   174.068161       7.43446350E-02
   175.034515       7.42665753E-02
   176.074387       7.43395612E-02
   177.038925       7.41016269E-02
   178.001740       7.40315542E-02
   179.036499       7.37725049E-02
   180.068710       7.37336427E-02
   181.026703       7.36174583E-02
   182.057007       7.36329779E-02
   183.014755       7.36411065E-02
   184.045364       7.36641958E-02
   185.002609       7.35165402E-02
   186.030685       7.34097064E-02
   187.057465       7.32444599E-02
   188.008820       7.31706843E-02
   189.033539       7.31407925E-02
   190.056458       7.30555803E-02
   191.006607       7.30816051E-02
   192.028992       7.30559304E-02
   193.052460       7.30886310E-02
   194.002106       7.30184391E-02
   195.024384       7.29604736E-02
   196.044067       7.27654248E-02
   197.063004       7.27527067E-02
   198.007843       7.26509541E-02
   199.025635       7.27044716E-02
