   0.00000000       0.00000000    
   1.08427823       9.57745090E-02
   2.02358127       9.25306156E-02
   3.03108096       9.08954665E-02
   4.00841331       8.75935405E-02
   5.05245447       8.65572467E-02
   6.00738287       8.70277286E-02
   7.05761480       8.78967494E-02
   8.02322674       8.76528844E-02
   9.07120895       8.72049406E-02
   10.0274086       8.69271606E-02
   11.0673361       8.64198431E-02
   12.0175066       8.63443688E-02
   13.0519428       8.61656889E-02
   14.0842953       8.58776271E-02
   15.0279140       8.58028233E-02
   16.0564575       8.55917186E-02
   17.0822277       8.53538886E-02
   18.0204163       8.52212310E-02
   19.0429935       8.51125047E-02
   20.0629349       8.50296095E-02
   21.0815659       8.49069878E-02
   22.0153561       8.48864987E-02
   23.0336514       8.48658681E-02
   24.0524082       8.48925188E-02
   25.0719700       8.49374980E-02
   26.0058975       8.49464461E-02
   27.0244503       8.48561674E-02
   28.0429668       8.48532990E-02
   29.0616665       8.49082023E-02
   30.0807648       8.50049183E-02
   31.0153599       8.49838555E-02
   32.0355186       8.50703418E-02
   33.0562515       8.50741118E-02
   34.0776749       8.51245001E-02
   35.0146561       8.51802081E-02
   36.0374870       8.52375627E-02
   37.0611534       8.53287876E-02
   38.0001984       8.53833556E-02
   39.0254822       8.55119750E-02
   40.0516357       8.55543837E-02
   41.0787926       8.56297761E-02
   42.0131302       8.42341855E-02
   43.0242271       8.47973973E-02
   44.0481987       8.40653926E-02
   45.0271950       8.14398006E-02
   46.0283661       8.37180540E-02
   47.0370445       8.41108784E-02
   48.0375519       8.29347745E-02
   49.0299454       8.27023014E-02
   50.0269661       8.36932585E-02
   51.0442467       8.54868516E-02
   52.0649529       8.46545845E-02
   53.0764465       8.39602202E-02
   54.0049553       8.49278495E-02
   55.0269852       8.52369666E-02
   56.0497704       8.51761922E-02
   57.0721664       8.50542784E-02
   58.0090294       8.50010738E-02
   59.0308609       8.49254578E-02
   60.0522118       8.50761905E-02
   61.0731010       8.51339400E-02
   62.0086288       8.49627703E-02
   63.0287437       8.50105956E-02
   64.0484238       8.50568116E-02
   65.0678101       8.49573985E-02
   66.0020828       8.49228054E-02
   67.0209122       8.47364068E-02
   68.0391235       8.46744776E-02
   69.0570374       8.47210288E-02
   70.0748062       8.48061293E-02
   71.0072861       8.46768096E-02
   72.0242081       8.47083330E-02
   73.0407867       8.47549811E-02
   74.0572662       8.48210603E-02
   75.0735703       8.47115368E-02
   76.0051804       8.46870095E-02
   77.0215759       8.45659822E-02
   78.0382538       8.45929161E-02
   79.0565414       8.49077404E-02
