   0.0000000000000000        0.0000000000000000     
   365.89530670254135        12.613810072964014     
   731.59358305416504        12.606987427035177     
   1084.4922846048441        12.600270169308139     
   1449.7941087875367        12.593192995127437     
   1802.3035110240776        12.586301118090388     
   2167.1988392897319        12.579146718717437     
   2531.8866875825811        12.571994428271708     
   2883.8084634853167        12.565647408377083     
   3248.1252158564243        12.559983343686742     
   3612.2886806307538        12.555015716224821     
   3963.7653213797703        12.550684003782898     
   4327.6725498689129        12.546564655931235     
   4691.4646013809970        12.542715401594780     
   5042.6094893573400        12.539212303947656     
   5406.1944639311059        12.535753793717488     
   5769.6814047833632        12.532448014121046     
   6120.5449177817818        12.529359937128769     
   6483.8498635919286        12.526272489671060     
   6847.0666537284651        12.523277708897446     
   7210.1977901726204        12.520363223621169     
   7560.7279720314082        12.517615555365246     
   7923.6970098682605        12.514837111194220     
   8286.5863576682659        12.512119440311206     
   8649.3976886533037        12.509457291646688     
   9012.1325519075363        12.506842303059933     
   9362.2881139057317        12.504365741391101     
   9724.8767702828682        12.501846759355763     
   10087.392988845977        12.499364999106838     
   10449.837923562007        12.496926605428598     
   10812.212739114282        12.494527626047253     
   11162.026330384657        12.492244340679601     
   11524.266418379533        12.489915559539739     
   11886.439375652002        12.487616251537716     
   12248.546211595552        12.485351035302886     
   12610.587774483894        12.483114350345101     
   12960.083955234490        12.480981148835509     
   13321.999620157327        12.478803023325163     
   13683.856417231442        12.477223224522060     
   14045.788478573242        12.487916276282299     
   14408.466070691156        12.517981530069420     
   14770.540439793398        12.448793013167444     
   15131.065884050946        12.431267143448697     
   15492.340905371952        12.475452848000328     
   15841.527122830712        12.468178425714855     
   16203.230162609083        12.477363852809129     
   16565.173884156742        12.483497449765551     
   16927.228404347854        12.484475536382588     
   17289.254375246903        12.483600054511566     
   17651.323726427232        12.486868220162417     
   18001.002043505978        12.489818589118114     
   18363.242398768507        12.492141301784139     
   18725.548325460841        12.494365240793597     
   19087.914100086153        12.496213943061768     
   19450.328132778621        12.497785364296647     
   19800.292268672751        12.499671531178342     
   20162.812243012198        12.501564514881418     
   20525.382671701453        12.503220474073741     
   20888.000076077133        12.504806191342711     
   21250.662059058581        12.506298312750712     
   21600.857668577599        12.507564766577683     
   21963.589388862623        12.508051499814657     
   22326.308055613186        12.507095535087283     
   22689.001970515685        12.506328417983790     
   23051.675848602954        12.505701564886223     
   23401.828212677836        12.505191375018585     
   23764.467292609686        12.504400142718120     
   24127.083708282713        12.503710942446389     
   24489.686568299061        12.503483921954150     
   24852.289506616908        12.503670863504940     
   25202.394863381709        12.503887671498026     
   25565.013694728277        12.504193198861836     
   25927.635812660457        12.504247225974234     
   26290.260705660286        12.504370960124140     
   26640.385673970686        12.504559730794146     
   27003.021462697507        12.504807228668822     
   27365.664658772937        12.505064977533994     
   27728.316755108463        12.505348102786108     
   28090.969265502732        12.505145860445623     
   28441.111069520881        12.505077029412732     
   28803.784766336772        12.508067190456599     
   29166.789350975057        12.530917622251877     
   29530.363626476195        12.525233357271581     
   29880.446226937889        12.484775523620771     
