   0.0000000000000000        0.0000000000000000     
   2.0987814165761489       0.10800322206123496     
   4.1015182143693387       0.10337697683598718     
   6.0413309885731632       0.10132175296895063     
   8.0496925175862728        9.9594105104123740E-002
   10.033191591482105        9.9158132590288828E-002
   12.030598109201360       0.10065893355811541     
   14.054309778798006       0.10130499005740697     
   16.083684865814661       0.10172185783667125     
   18.019029268316348       0.10186326796053145     
   20.050028054887502       0.10107797730171474     
   22.065095001076127       0.10066845797122739     
   24.083300986716534       0.10125845939902102     
   26.012183772653739       0.10138262027455108     
   28.035953435912727       0.10095025750452352     
   30.055738540491891       0.10134116646693139     
   32.092175104841125       0.10193346367204285     
   34.031720552957218       0.10215280469095872     
   36.075086707659700       0.10229793303714493     
   38.020125709392765       0.10223441544074238     
   40.073032400230574       0.10270470040950884     
   42.022106677377032       0.10252172613426402     
   44.065385550700015       0.10148717877391938     
   46.089856745336157       0.10130912273758433     
   48.024052154220456       0.10227252073908012     
   50.072516699405462       0.10261970427248254     
   52.019145317870468       0.10237673552316606     
   54.070557312733122       0.10279572250642595     
   56.022358356397383       0.10264880632337255     
   58.076468606701120       0.10276911197635338     
   60.033310894829967       0.10288827409059535     
   62.081862334624958       0.10225402446833598     
   64.025695161440652       0.10235122359429610     
   66.076469830219452       0.10275221624438897     
   68.033526258558084       0.10309679158850057     
   70.094591032304081       0.10309390565595222     
   72.051806909919264       0.10287098372774765     
   74.005555015410280       0.10285249144640050     
   76.062834267402707       0.10276098174156725     
   78.014821470395759       0.10278507437114805     
   80.074128989362151       0.10288813722209426     
   82.029189137022371       0.10299857339442584     
   84.091664965842554       0.10302951128801062     
   86.047846759339492       0.10306557305983452     
   88.008570556048824       0.10310721120339122     
   90.066448025513864       0.10287270235817189     
   92.021395754980674       0.10286004150532678     
   94.078843843203629       0.10305803686896546     
   96.039033777085891       0.10317802095522266     
   98.102419321861859       0.10322138270877257     
   100.06571563548502       0.10322458936607737     
   102.02303121547533       0.10302184304918933     
   104.08748220402775       0.10323173977625137     
   106.04694301527326       0.10329633347329110     
   108.00990451902186       0.10328632206341509     
   110.07739613486706       0.10345244998746105     
   112.04146842389017       0.10326873982015357     
   114.00121472594587       0.10306351785583702     
   116.06423096294925       0.10315090656285103     
   118.02254102685406       0.10303269782033858     
   120.08071890294882       0.10281455177679343     
   122.03190406030866       0.10278930438855635     
   124.08975010910511       0.10311772005476928     
   126.05043985531258       0.10326267226820468     
   128.01351057003032       0.10333423117352313     
   130.08049488799884       0.10336087373974592     
   132.04279876870567       0.10316832802567470     
   134.00204075853449       0.10316686047290496     
   136.06880238496339       0.10349041928930196     
   138.03376121881286       0.10354235220725165     
   140.10260419302614       0.10334528779879436     
   142.06612644568679       0.10342674704262309     
   144.03251288598702       0.10354087904127422     
   146.09938425240691       0.10327126816569783     
   148.06045390032867       0.10315320308484063     
   150.01880314383556       0.10315098951153111     
   152.08688370191567       0.10361373255453375     
   154.05681949964702       0.10367287717441366     
   156.02565815853043       0.10352337138090147     
   158.09598974984993       0.10357333724804500     
   160.06131615759102       0.10334051752191668     
   162.02176997712016       0.10317842300151092     
   164.08627670583996       0.10326417877010520     
   166.05094562770063       0.10356221129661394     
   168.01849000538337       0.10351864071476943     
   170.08951490541233       0.10362619609822110     
   172.05873126112965       0.10362377256388965     
   174.02601803274902       0.10354428061371367     
   176.09652452619488       0.10343924290916208     
   178.05880208138390       0.10336932937815634     
   180.02508638012148       0.10353415130229428     
   182.09568613450222       0.10359335527987866     
   184.06474564305017       0.10361666792551011     
   186.03277444625382       0.10356429945097685     
   188.10194418327458       0.10334412088922217     
   190.06558359365138       0.10343277940940279     
   192.03314050750279       0.10356457490529913     
   194.10245834525966       0.10363922325096799     
   196.07109150123068       0.10354012874834287     
   198.03797123466791       0.10360316182240251     
