   0.0000000000000000        0.0000000000000000     
   10.011066900235857        4.6971104314107254E-002
   20.019745060323480        4.7147824623444724E-002
   30.042736286146337        4.7117888679386731E-002
   40.019091214865199        4.6930890924870336E-002
   50.023748369807848        4.6914282113508302E-002
   60.038467760213742        4.7046081494524480E-002
   70.046883424965557        4.7070088876226497E-002
   80.015982042340241        4.6930375316259702E-002
   90.013919027160412        4.6912093730608041E-002
   100.03182755287419        4.7140088462515224E-002
   110.00482582620405        4.7117264921793474E-002
   120.03209928278623        4.6981167061091823E-002
   130.04590893526782        4.6963624328802418E-002
   140.02241800962958        4.7128474885327877E-002
   150.00453250445432        4.7160200533978409E-002
   160.03230166722199        4.6979570957744819E-002
   170.00252380246644        4.7018700141791783E-002
   180.02365532061305        4.7108725547110937E-002
   190.00619071279829        4.7304829217707747E-002
