   0.00000000       0.00000000    
   30.0095806       4.32488732E-02
   60.0015030       4.22478244E-02
   90.0278168       4.27275337E-02
   120.027458       4.25605960E-02
   150.027466       4.25097942E-02
   180.009506       4.33736332E-02
   210.040024       4.34226319E-02
   240.003433       4.32812795E-02
   270.031097       4.27666157E-02
   300.004089       4.26095165E-02
   330.030670       4.32556756E-02
   360.032745       4.28599678E-02
   390.012817       4.28480245E-02
   420.018768       4.32875603E-02
   450.002167       4.31223549E-02
   480.020844       4.27280702E-02
   510.013580       4.34118919E-02
   540.036804       4.24872562E-02
   570.034729       4.27278392E-02
   600.013916       4.30008285E-02
   630.035339       4.25512567E-02
   660.017944       4.34303358E-02
   690.020935       4.30939570E-02
   720.009033       4.20142934E-02
   750.020569       4.33577374E-02
   780.039368       4.31366712E-02
   810.009399       4.28063646E-02
   840.003784       4.33530584E-02
   870.005737       4.29645218E-02
   900.009888       4.26764898E-02
   930.032349       4.25586924E-02
   960.038330       4.27011251E-02
   990.016602       4.28302847E-02
